<?xml version="1.0" encoding="UTF-8"?>
<!-- Generated by org.testng.reporters.JUnitReportReporter -->
<testsuite hostname="user" failures="0" tests="1" name="bestBuyPlayGroundAPI.GetRequest" time="3.631" errors="0" timestamp="2024-05-07T16:06:14 MDT" skipped="0">
  <testcase classname="bestBuyPlayGroundAPI.GetRequest" name="getRequest02" time="3.631"/>
  <system-out/>
</testsuite> <!-- bestBuyPlayGroundAPI.GetRequest -->
