<?xml version="1.0" encoding="UTF-8"?>
<!-- Generated by org.testng.reporters.JUnitReportReporter -->
<testsuite hostname="user" failures="0" tests="2" name="bestBuyPlayGroundAPI.ProductTest" time="4.609" errors="0" timestamp="2024-05-07T16:08:54 MDT" skipped="1">
  <testcase classname="bestBuyPlayGroundAPI.ProductTest" name="getAppProducts" time="4.609"/>
  <system-out/>
  <testcase classname="bestBuyPlayGroundAPI.ProductTest" name="getProductId">
    <skipped/>
  </testcase> <!-- getProductId -->
  <system-out/>
</testsuite> <!-- bestBuyPlayGroundAPI.ProductTest -->
