<?xml version="1.0" encoding="UTF-8"?>
<!-- Generated by org.testng.reporters.JUnitReportReporter -->
<testsuite hostname="user" failures="0" tests="1" name="bestBuyPlayGroundAPI.SerializartionAndDeseralizationCreateUser" time="4.774" errors="0" timestamp="2024-05-07T16:09:12 MDT" skipped="0">
  <testcase classname="bestBuyPlayGroundAPI.SerializartionAndDeseralizationCreateUser" name="createObjectCreateUserClass" time="4.774"/>
  <system-out/>
</testsuite> <!-- bestBuyPlayGroundAPI.SerializartionAndDeseralizationCreateUser -->
