<?xml version="1.0" encoding="UTF-8"?>
<!-- Generated by org.testng.reporters.JUnitReportReporter -->
<testsuite hostname="user" failures="0" tests="1" name="com.apiautomation.LearningAPI.tests.CreateIssueMetaData" time="2.332" errors="0" timestamp="01 Aug. 2023 22:21:34 GMT" skipped="0">
  <testcase classname="com.apiautomation.LearningAPI.tests.CreateIssueMetaData" name="testApiCalll" time="2.332"/>
</testsuite> <!-- com.apiautomation.LearningAPI.tests.CreateIssueMetaData -->
